[2025-04-16 20:14:46] WARN: MongoDB disconnected
[2025-04-16 20:14:48] INFO: Redis Client Connected
[2025-04-16 20:14:49] INFO: MongoDB Connected: ac-3carbhv-shard-00-00.be2emne.mongodb.net
[2025-04-16 20:14:49] INFO: Server running on port 3000 in production mode
[2025-04-16 20:15:06] WARN: MongoDB disconnected
[2025-04-16 20:15:49] INFO: Redis Client Connected
[2025-04-16 20:15:50] INFO: MongoDB Connected: ac-3carbhv-shard-00-00.be2emne.mongodb.net
[2025-04-16 20:15:50] INFO: Server running on port 3000 in development mode
[2025-04-16 20:16:01] INFO: Returning cached stock purchases
[2025-04-16 20:16:04] INFO: Extracted stock metrics for Wyndham Hotels & Resorts, Inc.:
[2025-04-16 20:16:04] INFO: Extracted stock metrics for Khayali Pulao:
[2025-04-16 20:16:08] INFO: Extracted stock metrics for HDFC BANK:
[2025-04-16 20:16:08] INFO: Extracted stock metrics for STATE BANK OF INDIA:
[2025-04-16 20:16:08] INFO: GET /api/v1/stocks/sectors 200 - 7211.729 ms
[2025-04-16 20:17:15] INFO: Returning cached stock purchases
[2025-04-16 20:17:15] INFO: Returning cached stock data for Wyndham Hotels & Resorts, Inc.
[2025-04-16 20:17:15] INFO: Returning cached stock data for STATE BANK OF INDIA
[2025-04-16 20:17:15] INFO: Returning cached stock data for Khayali Pulao
[2025-04-16 20:17:15] INFO: Returning cached stock data for HDFC BANK
[2025-04-16 20:17:15] INFO: GET /api/v1/stocks/sectors 200 - 32.158 ms
[2025-04-16 20:21:36] INFO: Returning cached stock purchases
[2025-04-16 20:21:36] INFO: Returning cached stock data for Wyndham Hotels & Resorts, Inc.
[2025-04-16 20:21:36] INFO: Returning cached stock data for STATE BANK OF INDIA
[2025-04-16 20:21:36] INFO: Returning cached stock data for Khayali Pulao
[2025-04-16 20:21:36] INFO: Returning cached stock data for HDFC BANK
[2025-04-16 20:21:36] INFO: GET /api/v1/stocks/sectors 200 - 20.710 ms
[2025-04-16 21:37:01] WARN: MongoDB disconnected
[2025-04-17 00:57:02] WARN: MongoDB disconnected
[2025-04-17 12:04:31] WARN: MongoDB disconnected
[2025-04-17 12:08:12] INFO: Returning cached stock purchases
[2025-04-17 12:08:12] INFO: Returning cached stock data for Wyndham Hotels & Resorts, Inc.
[2025-04-17 12:08:12] INFO: Returning cached stock data for STATE BANK OF INDIA
[2025-04-17 12:08:12] INFO: Returning cached stock data for Khayali Pulao
[2025-04-17 12:08:12] INFO: Returning cached stock data for HDFC BANK
[2025-04-17 12:08:12] INFO: GET /api/v1/stocks/sectors 304 - 18.888 ms
[2025-04-17 12:12:17] WARN: MongoDB disconnected
[2025-04-17 12:58:46] INFO: Redis Client Connected
[2025-04-17 12:58:47] INFO: MongoDB Connected: ac-3carbhv-shard-00-00.be2emne.mongodb.net
[2025-04-17 12:58:47] INFO: Server running on port 3000 in development mode
[2025-04-17 14:46:01] INFO: Returning cached stock purchases
[2025-04-17 14:46:01] INFO: Returning cached stock data for Wyndham Hotels & Resorts, Inc.
[2025-04-17 14:46:01] INFO: Returning cached stock data for STATE BANK OF INDIA
[2025-04-17 14:46:01] INFO: Returning cached stock data for Khayali Pulao
[2025-04-17 14:46:01] INFO: Returning cached stock data for HDFC BANK
[2025-04-17 14:46:01] INFO: GET /api/v1/stocks/sectors 200 - 116.470 ms
[2025-04-17 14:46:18] INFO: Returning cached stock purchases
[2025-04-17 14:46:18] INFO: Returning cached stock data for Wyndham Hotels & Resorts, Inc.
[2025-04-17 14:46:18] INFO: Returning cached stock data for STATE BANK OF INDIA
[2025-04-17 14:46:18] INFO: Returning cached stock data for Khayali Pulao
[2025-04-17 14:46:18] INFO: Returning cached stock data for HDFC BANK
[2025-04-17 14:46:18] INFO: GET /api/v1/stocks/sectors 200 - 15.656 ms
[2025-04-17 14:46:48] INFO: Returning cached stock purchases
[2025-04-17 14:46:48] INFO: Returning cached stock data for Wyndham Hotels & Resorts, Inc.
[2025-04-17 14:46:48] INFO: Returning cached stock data for STATE BANK OF INDIA
[2025-04-17 14:46:48] INFO: Returning cached stock data for Khayali Pulao
[2025-04-17 14:46:48] INFO: Returning cached stock data for HDFC BANK
[2025-04-17 14:46:48] INFO: GET /api/v1/stocks/sectors 304 - 17.515 ms
[2025-04-17 14:52:28] INFO: Returning cached stock purchases
[2025-04-17 14:52:28] INFO: Returning cached stock data for Wyndham Hotels & Resorts, Inc.
[2025-04-17 14:52:28] INFO: Returning cached stock data for STATE BANK OF INDIA
[2025-04-17 14:52:28] INFO: Returning cached stock data for Khayali Pulao
[2025-04-17 14:52:28] INFO: Returning cached stock data for HDFC BANK
[2025-04-17 14:52:28] INFO: GET /api/v1/stocks/sectors 304 - 16.898 ms
[2025-04-17 15:12:46] INFO: Redis Client Connected
[2025-04-17 15:12:47] INFO: MongoDB Connected: ac-3carbhv-shard-00-00.be2emne.mongodb.net
[2025-04-17 15:12:47] INFO: Server running on port 3000 in development mode
[2025-04-17 15:14:58] INFO: Redis Client Connected
[2025-04-17 15:14:59] INFO: MongoDB Connected: ac-3carbhv-shard-00-00.be2emne.mongodb.net
[2025-04-17 15:14:59] INFO: Server running on port 3000 in development mode
[2025-04-19 07:14:39] WARN: MongoDB disconnected
[2025-04-19 10:46:35] WARN: MongoDB disconnected
[2025-04-19 14:30:36] WARN: MongoDB disconnected
